<?xml version="1.0" encoding="UTF-8"?>
<testng-results skipped="0" failed="0" total="1" passed="1">
  <reporter-output>
  </reporter-output>
  <suite name="Command line suite" duration-ms="46" started-at="2020-05-15T21:36:28Z" finished-at="2020-05-15T21:36:28Z">
    <groups>
    </groups>
    <test name="Command line test" duration-ms="46" started-at="2020-05-15T21:36:28Z" finished-at="2020-05-15T21:36:28Z">
      <class name="qaclickacademy.AppTest">
        <test-method status="PASS" signature="testApp()[pri:0, instance:testApp(qaclickacademy.AppTest)]" name="testApp" duration-ms="2" started-at="2020-05-16T03:06:28Z" finished-at="2020-05-16T03:06:28Z">
          <reporter-output>
          </reporter-output>
        </test-method> <!-- testApp -->
      </class> <!-- qaclickacademy.AppTest -->
    </test> <!-- Command line test -->
  </suite> <!-- Command line suite -->
</testng-results>
