<?xml version="1.0" encoding="UTF-8"?>
<testng-results skipped="0" failed="0" total="6" passed="6">
  <reporter-output>
  </reporter-output>
  <suite name="Command line suite" duration-ms="31" started-at="2020-05-15T21:36:27Z" finished-at="2020-05-15T21:36:27Z">
    <groups>
    </groups>
    <test name="Command line test" duration-ms="31" started-at="2020-05-15T21:36:27Z" finished-at="2020-05-15T21:36:27Z">
      <class name="qaclickacademy.AppiumTest">
        <test-method status="PASS" signature="androidApps()[pri:0, instance:qaclickacademy.AppiumTest@cf57e3]" name="androidApps" duration-ms="11" started-at="2020-05-16T03:06:27Z" finished-at="2020-05-16T03:06:27Z">
          <reporter-output>
          </reporter-output>
        </test-method> <!-- androidApps -->
        <test-method status="PASS" signature="iosApps()[pri:0, instance:qaclickacademy.AppiumTest@cf57e3]" name="iosApps" duration-ms="0" started-at="2020-05-16T03:06:27Z" finished-at="2020-05-16T03:06:27Z">
          <reporter-output>
          </reporter-output>
        </test-method> <!-- iosApps -->
      </class> <!-- qaclickacademy.AppiumTest -->
      <class name="qaclickacademy.SeleniumTest">
        <test-method status="PASS" signature="ElementsUI()[pri:0, instance:qaclickacademy.SeleniumTest@1b64c45]" name="ElementsUI" duration-ms="0" started-at="2020-05-16T03:06:27Z" finished-at="2020-05-16T03:06:27Z">
          <reporter-output>
          </reporter-output>
        </test-method> <!-- ElementsUI -->
        <test-method status="PASS" signature="browserAutomation()[pri:0, instance:qaclickacademy.SeleniumTest@1b64c45]" name="browserAutomation" duration-ms="0" started-at="2020-05-16T03:06:27Z" finished-at="2020-05-16T03:06:27Z">
          <reporter-output>
          </reporter-output>
        </test-method> <!-- browserAutomation -->
      </class> <!-- qaclickacademy.SeleniumTest -->
      <class name="qaclickacademy.RestApiTest">
        <test-method status="PASS" signature="deleteTwitter()[pri:0, instance:qaclickacademy.RestApiTest@196751b]" name="deleteTwitter" duration-ms="0" started-at="2020-05-16T03:06:27Z" finished-at="2020-05-16T03:06:27Z">
          <reporter-output>
          </reporter-output>
        </test-method> <!-- deleteTwitter -->
        <test-method status="PASS" signature="postJira()[pri:0, instance:qaclickacademy.RestApiTest@196751b]" name="postJira" duration-ms="0" started-at="2020-05-16T03:06:27Z" finished-at="2020-05-16T03:06:27Z">
          <reporter-output>
          </reporter-output>
        </test-method> <!-- postJira -->
      </class> <!-- qaclickacademy.RestApiTest -->
    </test> <!-- Command line test -->
  </suite> <!-- Command line suite -->
</testng-results>
